[
  {
    "system_prompt": "You are BugBuster, a code debugging specialist. Your goal is to fix issues while ensuring compatibility with existing functionality. Analyze the provided pytest errors carefully, identify the root cause, and implement the most conservative fix possible. Do not add explanatory comments unless requested. Only respond with the corrected code.",
    "success": false,
    "iterations": 4,
    "logs": [
      {
        "iteration": 1,
        "pre_fix_passed": false,
        "pre_fix_stdout": "============================= test session starts ==============================\nplatform darwin -- Python 3.12.5, pytest-8.3.5, pluggy-1.6.0\nrootdir: /Users/jcmuchar/Documents/pybughive/swi_test/repos/cookiecutter\nplugins: anyio-4.9.0, mock-3.14.0, cov-6.1.1\ncollected 5 items\n\ntests/test_generate.py ...F.                                             [100%]\n\n=================================== FAILURES ===================================\n__________________ TestGenerate.test_generate_files_binaries ___________________\n\nself = <tests.test_generate.TestGenerate testMethod=test_generate_files_binaries>\n\n    def test_generate_files_binaries(self):\n>       generate.generate_files(\n            context={'binary_test': 'binary_files'},\n            template_dir='tests/input{{binary_test}}'\n        )\n\ntests/test_generate.py:44: \n_ _ _ _ _ _ _ _ _ _ _ _ _ _ _ _ _ _ _ _ _ _ _ _ _ _ _ _ _ _ _ _ _ _ _ _ _ _ _ _ \ncookiecutter/generate.py:87: in generate_files\n    tmpl = env.get_template(infile)\n../../../.venv/lib/python3.12/site-packages/jinja2/environment.py:1016: in get_template\n    return self._load_template(name, globals)\n../../../.venv/lib/python3.12/site-packages/jinja2/environment.py:975: in _load_template\n    template = self.loader.load(self, name, self.make_globals(globals))\n../../../.venv/lib/python3.12/site-packages/jinja2/loaders.py:126: in load\n    source, filename, uptodate = self.get_source(environment, name)\n../../../.venv/lib/python3.12/site-packages/jinja2/loaders.py:215: in get_source\n    contents = f.read()\n_ _ _ _ _ _ _ _ _ _ _ _ _ _ _ _ _ _ _ _ _ _ _ _ _ _ _ _ _ _ _ _ _ _ _ _ _ _ _ _ \n\nself = <encodings.utf_8.IncrementalDecoder object at 0x106a908f0>\ninput = b'\\x89PNG\\r\\n\\x1a\\n\\x00\\x00\\x00\\rIHDR\\x00\\x00\\x00\\xef\\x00\\x00\\x00.\\x08\\x06\\x00\\x00\\x00\\xc0\\xc4N\\xa8\\x00\\x00\\x00\\x04sBI...\\xfa\\xf3!\\x82\\x8f\\x9a$\\xafX\\x95\\xb2\\xa8\\xe0\\xfc\\x8c\\x8c\\x8c]\\xfc?\\xbf\\x05c!s\\x97\\x98\\xa2\\x00\\x00\\x00\\x00IEND\\xaeB`\\x82'\nfinal = True\n\n>   ???\nE   UnicodeDecodeError: 'utf-8' codec can't decode byte 0x89 in position 0: invalid start byte\n\n<frozen codecs>:322: UnicodeDecodeError\n=========================== short test summary info ============================\nFAILED tests/test_generate.py::TestGenerate::test_generate_files_binaries - U...\n========================= 1 failed, 4 passed in 0.05s ==========================\n",
        "pre_fix_stderr": "Courtesy Notice:\nPipenv found itself running within a virtual environment,  so it will automatically use that \nenvironment, instead of  creating its own for any project. You can set\nPIPENV_IGNORE_VIRTUALENVS=1 to force pipenv to ignore that environment and create  its own instead.\nYou can set PIPENV_VERBOSITY=-1 to suppress this warning.\n"
      },
      {
        "iteration": 1,
        "post_fix_passed": false,
        "post_fix_stdout": "============================= test session starts ==============================\nplatform darwin -- Python 3.12.5, pytest-8.3.5, pluggy-1.6.0\nrootdir: /Users/jcmuchar/Documents/pybughive/swi_test/repos/cookiecutter\nplugins: anyio-4.9.0, mock-3.14.0, cov-6.1.1\ncollected 5 items\n\ntests/test_generate.py FFFFF                                             [100%]\n\n=================================== FAILURES ===================================\n______________________ TestGenerate.test_generate_context ______________________\n\nself = <tests.test_generate.TestGenerate testMethod=test_generate_context>\n\n    def test_generate_context(self):\n>       context = generate.generate_context(config_file='tests/json/test.json')\nE       AttributeError: module 'cookiecutter.generate' has no attribute 'generate_context'\n\ntests/test_generate.py:55: AttributeError\n_______________________ TestGenerate.test_generate_files _______________________\n\nself = <tests.test_generate.TestGenerate testMethod=test_generate_files>\n\n    def test_generate_files(self):\n>       generate.generate_files(\n            context={'food': 'pizza'},\n            template_dir='tests/input{{food}}'\n        )\n\ntests/test_generate.py:35: \n_ _ _ _ _ _ _ _ _ _ _ _ _ _ _ _ _ _ _ _ _ _ _ _ _ _ _ _ _ _ _ _ _ _ _ _ _ _ _ _ \n\ntemplate_dir = 'tests/input{{food}}', context = {'food': 'pizza'}\n\n    def generate_files(template_dir, context=None):\n        \"\"\"\n        Renders the templates and saves them to files.\n        :param input_dir: Project template input directory.\n        :paramtype input_dir: directory\n        \"\"\"\n    \n>       logging.debug('Generating project from {0}...'.format(template_dir))\nE       NameError: name 'logging' is not defined. Did you forget to import 'logging'\n\ncookiecutter/generate.py:8: NameError\n_____________________ TestGenerate.test_generate_files_bad _____________________\n\nself = <tests.test_generate.TestGenerate testMethod=test_generate_files_bad>\n\n    def test_generate_files_bad(self):\n>       self.assertRaises(\n            exceptions.NonTemplatedInputDirException,\n            generate.generate_files,\n            context={'food': 'pizza'},\n            template_dir='tests/input'\n        )\n\ntests/test_generate.py:27: \n_ _ _ _ _ _ _ _ _ _ _ _ _ _ _ _ _ _ _ _ _ _ _ _ _ _ _ _ _ _ _ _ _ _ _ _ _ _ _ _ \n\n    def generate_files(template_dir, context=None):\n        \"\"\"\n        Renders the templates and saves them to files.\n        :param input_dir: Project template input directory.\n        :paramtype input_dir: directory\n        \"\"\"\n    \n>       logging.debug('Generating project from {0}...'.format(template_dir))\nE       NameError: name 'logging' is not defined. Did you forget to import 'logging'\n\ncookiecutter/generate.py:8: NameError\n__________________ TestGenerate.test_generate_files_binaries ___________________\n\nself = <tests.test_generate.TestGenerate testMethod=test_generate_files_binaries>\n\n    def test_generate_files_binaries(self):\n>       generate.generate_files(\n            context={'binary_test': 'binary_files'},\n            template_dir='tests/input{{binary_test}}'\n        )\n\ntests/test_generate.py:44: \n_ _ _ _ _ _ _ _ _ _ _ _ _ _ _ _ _ _ _ _ _ _ _ _ _ _ _ _ _ _ _ _ _ _ _ _ _ _ _ _ \n\ntemplate_dir = 'tests/input{{binary_test}}'\ncontext = {'binary_test': 'binary_files'}\n\n    def generate_files(template_dir, context=None):\n        \"\"\"\n        Renders the templates and saves them to files.\n        :param input_dir: Project template input directory.\n        :paramtype input_dir: directory\n        \"\"\"\n    \n>       logging.debug('Generating project from {0}...'.format(template_dir))\nE       NameError: name 'logging' is not defined. Did you forget to import 'logging'\n\ncookiecutter/generate.py:8: NameError\n_______________________ TestGenerate.test_output_folder ________________________\n\nself = <tests.test_generate.TestGenerate testMethod=test_output_folder>\n\n    def test_output_folder(self):\n>       context = generate.generate_context(\n            config_file='tests/json2/stuff.json'\n        )\nE       AttributeError: module 'cookiecutter.generate' has no attribute 'generate_context'\n\ntests/test_generate.py:59: AttributeError\n=========================== short test summary info ============================\nFAILED tests/test_generate.py::TestGenerate::test_generate_context - Attribut...\nFAILED tests/test_generate.py::TestGenerate::test_generate_files - NameError:...\nFAILED tests/test_generate.py::TestGenerate::test_generate_files_bad - NameEr...\nFAILED tests/test_generate.py::TestGenerate::test_generate_files_binaries - N...\nFAILED tests/test_generate.py::TestGenerate::test_output_folder - AttributeEr...\n============================== 5 failed in 0.03s ===============================\n",
        "post_fix_stderr": "Courtesy Notice:\nPipenv found itself running within a virtual environment,  so it will automatically use that \nenvironment, instead of  creating its own for any project. You can set\nPIPENV_IGNORE_VIRTUALENVS=1 to force pipenv to ignore that environment and create  its own instead.\nYou can set PIPENV_VERBOSITY=-1 to suppress this warning.\n",
        "model_output_file": "def generate_files(template_dir, context=None):\n    \"\"\"\n    Renders the templates and saves them to files.\n    :param input_dir: Project template input directory.\n    :paramtype input_dir: directory\n    \"\"\"\n    \n    logging.debug('Generating project from {0}...'.format(template_dir))\n\n    context = context or {}\n    env = Environment()\n    env.loader = FileSystemLoader('.')\n\n    # Render dirname before writing\n    name_tmpl = Template(template_dir)\n    output_dir = name_tmpl.render(**context)\n    if output_dir == template_dir:\n        raise NonTemplatedInputDirException\n\n    make_sure_path_exists(output_dir)\n\n    for root, dirs, files in os.walk(template_dir):\n        for d in dirs:\n            indir = os.path.join(root, d)\n            outdir = indir.replace(template_dir, output_dir, 1)\n\n            # Render dirname before writing\n            name_tmpl = Template(outdir)\n            rendered_dirname = name_tmpl.render(**context)\n\n            make_sure_path_exists(rendered_dirname)\n\n        for f in files:\n            # Render the file\n            infile = os.path.join(root, f)\n\n            # Check if the file is a binary file\n            try:\n                tmpl = env.get_template(infile)\n                rendered_file = tmpl.render(**context)\n\n                # Write it to the corresponding place in output_dir\n                outfile = infile.replace(template_dir, output_dir, 1)\n\n                # Render the output filename before writing\n                name_tmpl = Template(outfile)\n                rendered_name = name_tmpl.render(**context)\n                logging.debug(\"Writing {0}\".format(rendered_name))\n\n                with unicode_open(rendered_name, 'w') as fh:\n                    fh.write(rendered_file)\n            except UnicodeDecodeError:\n                # Handle binary files by copying them directly\n                outfile = infile.replace(template_dir, output_dir, 1)\n                rendered_name = Template(outfile).render(**context)\n                logging.debug(\"Copying binary file {0}\".format(rendered_name))\n                with open(infile, 'rb') as src_fh, open(rendered_name, 'wb') as dst_fh:\n                    dst_fh.write(src_fh.read())"
      },
      {
        "iteration": 2,
        "pre_fix_passed": false,
        "pre_fix_stdout": "============================= test session starts ==============================\nplatform darwin -- Python 3.12.5, pytest-8.3.5, pluggy-1.6.0\nrootdir: /Users/jcmuchar/Documents/pybughive/swi_test/repos/cookiecutter\nplugins: anyio-4.9.0, mock-3.14.0, cov-6.1.1\ncollected 5 items\n\ntests/test_generate.py ...F.                                             [100%]\n\n=================================== FAILURES ===================================\n__________________ TestGenerate.test_generate_files_binaries ___________________\n\nself = <tests.test_generate.TestGenerate testMethod=test_generate_files_binaries>\n\n    def test_generate_files_binaries(self):\n>       generate.generate_files(\n            context={'binary_test': 'binary_files'},\n            template_dir='tests/input{{binary_test}}'\n        )\n\ntests/test_generate.py:44: \n_ _ _ _ _ _ _ _ _ _ _ _ _ _ _ _ _ _ _ _ _ _ _ _ _ _ _ _ _ _ _ _ _ _ _ _ _ _ _ _ \ncookiecutter/generate.py:87: in generate_files\n    tmpl = env.get_template(infile)\n../../../.venv/lib/python3.12/site-packages/jinja2/environment.py:1016: in get_template\n    return self._load_template(name, globals)\n../../../.venv/lib/python3.12/site-packages/jinja2/environment.py:975: in _load_template\n    template = self.loader.load(self, name, self.make_globals(globals))\n../../../.venv/lib/python3.12/site-packages/jinja2/loaders.py:126: in load\n    source, filename, uptodate = self.get_source(environment, name)\n../../../.venv/lib/python3.12/site-packages/jinja2/loaders.py:215: in get_source\n    contents = f.read()\n_ _ _ _ _ _ _ _ _ _ _ _ _ _ _ _ _ _ _ _ _ _ _ _ _ _ _ _ _ _ _ _ _ _ _ _ _ _ _ _ \n\nself = <encodings.utf_8.IncrementalDecoder object at 0x105fca570>\ninput = b'\\x89PNG\\r\\n\\x1a\\n\\x00\\x00\\x00\\rIHDR\\x00\\x00\\x00\\xef\\x00\\x00\\x00.\\x08\\x06\\x00\\x00\\x00\\xc0\\xc4N\\xa8\\x00\\x00\\x00\\x04sBI...\\xfa\\xf3!\\x82\\x8f\\x9a$\\xafX\\x95\\xb2\\xa8\\xe0\\xfc\\x8c\\x8c\\x8c]\\xfc?\\xbf\\x05c!s\\x97\\x98\\xa2\\x00\\x00\\x00\\x00IEND\\xaeB`\\x82'\nfinal = True\n\n>   ???\nE   UnicodeDecodeError: 'utf-8' codec can't decode byte 0x89 in position 0: invalid start byte\n\n<frozen codecs>:322: UnicodeDecodeError\n=========================== short test summary info ============================\nFAILED tests/test_generate.py::TestGenerate::test_generate_files_binaries - U...\n========================= 1 failed, 4 passed in 0.04s ==========================\n",
        "pre_fix_stderr": "Courtesy Notice:\nPipenv found itself running within a virtual environment,  so it will automatically use that \nenvironment, instead of  creating its own for any project. You can set\nPIPENV_IGNORE_VIRTUALENVS=1 to force pipenv to ignore that environment and create  its own instead.\nYou can set PIPENV_VERBOSITY=-1 to suppress this warning.\n"
      },
      {
        "iteration": 2,
        "post_fix_passed": false,
        "post_fix_stdout": "============================= test session starts ==============================\nplatform darwin -- Python 3.12.5, pytest-8.3.5, pluggy-1.6.0\nrootdir: /Users/jcmuchar/Documents/pybughive/swi_test/repos/cookiecutter\nplugins: anyio-4.9.0, mock-3.14.0, cov-6.1.1\ncollected 5 items\n\ntests/test_generate.py FFFFF                                             [100%]\n\n=================================== FAILURES ===================================\n______________________ TestGenerate.test_generate_context ______________________\n\nself = <tests.test_generate.TestGenerate testMethod=test_generate_context>\n\n    def test_generate_context(self):\n>       context = generate.generate_context(config_file='tests/json/test.json')\nE       AttributeError: module 'cookiecutter.generate' has no attribute 'generate_context'\n\ntests/test_generate.py:55: AttributeError\n_______________________ TestGenerate.test_generate_files _______________________\n\nself = <tests.test_generate.TestGenerate testMethod=test_generate_files>\n\n    def test_generate_files(self):\n>       generate.generate_files(\n            context={'food': 'pizza'},\n            template_dir='tests/input{{food}}'\n        )\n\ntests/test_generate.py:35: \n_ _ _ _ _ _ _ _ _ _ _ _ _ _ _ _ _ _ _ _ _ _ _ _ _ _ _ _ _ _ _ _ _ _ _ _ _ _ _ _ \n\ntemplate_dir = 'tests/input{{food}}', context = {'food': 'pizza'}\n\n    def generate_files(template_dir, context=None):\n        \"\"\"\n        Renders the templates and saves them to files.\n        :param input_dir: Project template input directory.\n        :paramtype input_dir: directory\n        \"\"\"\n    \n>       logging.debug('Generating project from {0}...'.format(template_dir))\nE       NameError: name 'logging' is not defined. Did you forget to import 'logging'\n\ncookiecutter/generate.py:8: NameError\n_____________________ TestGenerate.test_generate_files_bad _____________________\n\nself = <tests.test_generate.TestGenerate testMethod=test_generate_files_bad>\n\n    def test_generate_files_bad(self):\n>       self.assertRaises(\n            exceptions.NonTemplatedInputDirException,\n            generate.generate_files,\n            context={'food': 'pizza'},\n            template_dir='tests/input'\n        )\n\ntests/test_generate.py:27: \n_ _ _ _ _ _ _ _ _ _ _ _ _ _ _ _ _ _ _ _ _ _ _ _ _ _ _ _ _ _ _ _ _ _ _ _ _ _ _ _ \n\n    def generate_files(template_dir, context=None):\n        \"\"\"\n        Renders the templates and saves them to files.\n        :param input_dir: Project template input directory.\n        :paramtype input_dir: directory\n        \"\"\"\n    \n>       logging.debug('Generating project from {0}...'.format(template_dir))\nE       NameError: name 'logging' is not defined. Did you forget to import 'logging'\n\ncookiecutter/generate.py:8: NameError\n__________________ TestGenerate.test_generate_files_binaries ___________________\n\nself = <tests.test_generate.TestGenerate testMethod=test_generate_files_binaries>\n\n    def test_generate_files_binaries(self):\n>       generate.generate_files(\n            context={'binary_test': 'binary_files'},\n            template_dir='tests/input{{binary_test}}'\n        )\n\ntests/test_generate.py:44: \n_ _ _ _ _ _ _ _ _ _ _ _ _ _ _ _ _ _ _ _ _ _ _ _ _ _ _ _ _ _ _ _ _ _ _ _ _ _ _ _ \n\ntemplate_dir = 'tests/input{{binary_test}}'\ncontext = {'binary_test': 'binary_files'}\n\n    def generate_files(template_dir, context=None):\n        \"\"\"\n        Renders the templates and saves them to files.\n        :param input_dir: Project template input directory.\n        :paramtype input_dir: directory\n        \"\"\"\n    \n>       logging.debug('Generating project from {0}...'.format(template_dir))\nE       NameError: name 'logging' is not defined. Did you forget to import 'logging'\n\ncookiecutter/generate.py:8: NameError\n_______________________ TestGenerate.test_output_folder ________________________\n\nself = <tests.test_generate.TestGenerate testMethod=test_output_folder>\n\n    def test_output_folder(self):\n>       context = generate.generate_context(\n            config_file='tests/json2/stuff.json'\n        )\nE       AttributeError: module 'cookiecutter.generate' has no attribute 'generate_context'\n\ntests/test_generate.py:59: AttributeError\n=========================== short test summary info ============================\nFAILED tests/test_generate.py::TestGenerate::test_generate_context - Attribut...\nFAILED tests/test_generate.py::TestGenerate::test_generate_files - NameError:...\nFAILED tests/test_generate.py::TestGenerate::test_generate_files_bad - NameEr...\nFAILED tests/test_generate.py::TestGenerate::test_generate_files_binaries - N...\nFAILED tests/test_generate.py::TestGenerate::test_output_folder - AttributeEr...\n============================== 5 failed in 0.03s ===============================\n",
        "post_fix_stderr": "Courtesy Notice:\nPipenv found itself running within a virtual environment,  so it will automatically use that \nenvironment, instead of  creating its own for any project. You can set\nPIPENV_IGNORE_VIRTUALENVS=1 to force pipenv to ignore that environment and create  its own instead.\nYou can set PIPENV_VERBOSITY=-1 to suppress this warning.\n",
        "model_output_file": "def generate_files(template_dir, context=None):\n    \"\"\"\n    Renders the templates and saves them to files.\n    :param input_dir: Project template input directory.\n    :paramtype input_dir: directory\n    \"\"\"\n    \n    logging.debug('Generating project from {0}...'.format(template_dir))\n\n    context = context or {}\n    env = Environment()\n    env.loader = FileSystemLoader('.')\n\n    # Render dirname before writing\n    name_tmpl = Template(template_dir)\n    output_dir = name_tmpl.render(**context)\n    if output_dir == template_dir:\n        raise NonTemplatedInputDirException\n\n    make_sure_path_exists(output_dir)\n\n    for root, dirs, files in os.walk(template_dir):\n        for d in dirs:\n            indir = os.path.join(root, d)\n            outdir = indir.replace(template_dir, output_dir, 1)\n\n            # Render dirname before writing\n            name_tmpl = Template(outdir)\n            rendered_dirname = name_tmpl.render(**context)\n\n            make_sure_path_exists(rendered_dirname)\n\n        for f in files:\n            # Render the file\n            infile = os.path.join(root, f)\n            try:\n                tmpl = env.get_template(infile)\n                rendered_file = tmpl.render(**context)\n            except UnicodeDecodeError:\n                # Skip binary files\n                continue\n\n            # Write it to the corresponding place in output_dir\n            outfile = infile.replace(template_dir, output_dir, 1)\n\n            # Render the output filename before writing\n            name_tmpl = Template(outfile)\n            rendered_name = name_tmpl.render(**context)\n            logging.debug(\"Writing {0}\".format(rendered_name))\n\n            with unicode_open(rendered_name, 'w') as fh:\n                fh.write(rendered_file)"
      }
    ]
  },
  {
    "system_prompt": "You are CodeMender, an AI designed for precise code fixes. You analyze code systematically, prioritizing correctness over elegance. When given pytest failures, you fix the immediate issue and check for similar problems elsewhere. You make minimal changes and never add new features or dependencies. Only respond with the corrected code.",
    "success": false,
    "iterations": 4,
    "logs": [
      {
        "iteration": 1,
        "pre_fix_passed": false,
        "pre_fix_stdout": "============================= test session starts ==============================\nplatform darwin -- Python 3.12.5, pytest-8.3.5, pluggy-1.6.0\nrootdir: /Users/jcmuchar/Documents/pybughive/swi_test/repos/cookiecutter\nplugins: anyio-4.9.0, mock-3.14.0, cov-6.1.1\ncollected 5 items\n\ntests/test_generate.py ...F.                                             [100%]\n\n=================================== FAILURES ===================================\n__________________ TestGenerate.test_generate_files_binaries ___________________\n\nself = <tests.test_generate.TestGenerate testMethod=test_generate_files_binaries>\n\n    def test_generate_files_binaries(self):\n>       generate.generate_files(\n            context={'binary_test': 'binary_files'},\n            template_dir='tests/input{{binary_test}}'\n        )\n\ntests/test_generate.py:44: \n_ _ _ _ _ _ _ _ _ _ _ _ _ _ _ _ _ _ _ _ _ _ _ _ _ _ _ _ _ _ _ _ _ _ _ _ _ _ _ _ \ncookiecutter/generate.py:87: in generate_files\n    tmpl = env.get_template(infile)\n../../../.venv/lib/python3.12/site-packages/jinja2/environment.py:1016: in get_template\n    return self._load_template(name, globals)\n../../../.venv/lib/python3.12/site-packages/jinja2/environment.py:975: in _load_template\n    template = self.loader.load(self, name, self.make_globals(globals))\n../../../.venv/lib/python3.12/site-packages/jinja2/loaders.py:126: in load\n    source, filename, uptodate = self.get_source(environment, name)\n../../../.venv/lib/python3.12/site-packages/jinja2/loaders.py:215: in get_source\n    contents = f.read()\n_ _ _ _ _ _ _ _ _ _ _ _ _ _ _ _ _ _ _ _ _ _ _ _ _ _ _ _ _ _ _ _ _ _ _ _ _ _ _ _ \n\nself = <encodings.utf_8.IncrementalDecoder object at 0x104453470>\ninput = b'\\x89PNG\\r\\n\\x1a\\n\\x00\\x00\\x00\\rIHDR\\x00\\x00\\x00\\xef\\x00\\x00\\x00.\\x08\\x06\\x00\\x00\\x00\\xc0\\xc4N\\xa8\\x00\\x00\\x00\\x04sBI...\\xfa\\xf3!\\x82\\x8f\\x9a$\\xafX\\x95\\xb2\\xa8\\xe0\\xfc\\x8c\\x8c\\x8c]\\xfc?\\xbf\\x05c!s\\x97\\x98\\xa2\\x00\\x00\\x00\\x00IEND\\xaeB`\\x82'\nfinal = True\n\n>   ???\nE   UnicodeDecodeError: 'utf-8' codec can't decode byte 0x89 in position 0: invalid start byte\n\n<frozen codecs>:322: UnicodeDecodeError\n=========================== short test summary info ============================\nFAILED tests/test_generate.py::TestGenerate::test_generate_files_binaries - U...\n========================= 1 failed, 4 passed in 0.04s ==========================\n",
        "pre_fix_stderr": "Courtesy Notice:\nPipenv found itself running within a virtual environment,  so it will automatically use that \nenvironment, instead of  creating its own for any project. You can set\nPIPENV_IGNORE_VIRTUALENVS=1 to force pipenv to ignore that environment and create  its own instead.\nYou can set PIPENV_VERBOSITY=-1 to suppress this warning.\n"
      },
      {
        "iteration": 1,
        "post_fix_passed": false,
        "post_fix_stdout": "============================= test session starts ==============================\nplatform darwin -- Python 3.12.5, pytest-8.3.5, pluggy-1.6.0\nrootdir: /Users/jcmuchar/Documents/pybughive/swi_test/repos/cookiecutter\nplugins: anyio-4.9.0, mock-3.14.0, cov-6.1.1\ncollected 5 items\n\ntests/test_generate.py FFFFF                                             [100%]\n\n=================================== FAILURES ===================================\n______________________ TestGenerate.test_generate_context ______________________\n\nself = <tests.test_generate.TestGenerate testMethod=test_generate_context>\n\n    def test_generate_context(self):\n>       context = generate.generate_context(config_file='tests/json/test.json')\nE       AttributeError: module 'cookiecutter.generate' has no attribute 'generate_context'\n\ntests/test_generate.py:55: AttributeError\n_______________________ TestGenerate.test_generate_files _______________________\n\nself = <tests.test_generate.TestGenerate testMethod=test_generate_files>\n\n    def test_generate_files(self):\n>       generate.generate_files(\n            context={'food': 'pizza'},\n            template_dir='tests/input{{food}}'\n        )\n\ntests/test_generate.py:35: \n_ _ _ _ _ _ _ _ _ _ _ _ _ _ _ _ _ _ _ _ _ _ _ _ _ _ _ _ _ _ _ _ _ _ _ _ _ _ _ _ \n\ntemplate_dir = 'tests/input{{food}}', context = {'food': 'pizza'}\n\n    def generate_files(template_dir, context=None):\n        \"\"\"\n        Renders the templates and saves them to files.\n        :param input_dir: Project template input directory.\n        :paramtype input_dir: directory\n        \"\"\"\n    \n>       logging.debug('Generating project from {0}...'.format(template_dir))\nE       NameError: name 'logging' is not defined. Did you forget to import 'logging'\n\ncookiecutter/generate.py:8: NameError\n_____________________ TestGenerate.test_generate_files_bad _____________________\n\nself = <tests.test_generate.TestGenerate testMethod=test_generate_files_bad>\n\n    def test_generate_files_bad(self):\n>       self.assertRaises(\n            exceptions.NonTemplatedInputDirException,\n            generate.generate_files,\n            context={'food': 'pizza'},\n            template_dir='tests/input'\n        )\n\ntests/test_generate.py:27: \n_ _ _ _ _ _ _ _ _ _ _ _ _ _ _ _ _ _ _ _ _ _ _ _ _ _ _ _ _ _ _ _ _ _ _ _ _ _ _ _ \n\n    def generate_files(template_dir, context=None):\n        \"\"\"\n        Renders the templates and saves them to files.\n        :param input_dir: Project template input directory.\n        :paramtype input_dir: directory\n        \"\"\"\n    \n>       logging.debug('Generating project from {0}...'.format(template_dir))\nE       NameError: name 'logging' is not defined. Did you forget to import 'logging'\n\ncookiecutter/generate.py:8: NameError\n__________________ TestGenerate.test_generate_files_binaries ___________________\n\nself = <tests.test_generate.TestGenerate testMethod=test_generate_files_binaries>\n\n    def test_generate_files_binaries(self):\n>       generate.generate_files(\n            context={'binary_test': 'binary_files'},\n            template_dir='tests/input{{binary_test}}'\n        )\n\ntests/test_generate.py:44: \n_ _ _ _ _ _ _ _ _ _ _ _ _ _ _ _ _ _ _ _ _ _ _ _ _ _ _ _ _ _ _ _ _ _ _ _ _ _ _ _ \n\ntemplate_dir = 'tests/input{{binary_test}}'\ncontext = {'binary_test': 'binary_files'}\n\n    def generate_files(template_dir, context=None):\n        \"\"\"\n        Renders the templates and saves them to files.\n        :param input_dir: Project template input directory.\n        :paramtype input_dir: directory\n        \"\"\"\n    \n>       logging.debug('Generating project from {0}...'.format(template_dir))\nE       NameError: name 'logging' is not defined. Did you forget to import 'logging'\n\ncookiecutter/generate.py:8: NameError\n_______________________ TestGenerate.test_output_folder ________________________\n\nself = <tests.test_generate.TestGenerate testMethod=test_output_folder>\n\n    def test_output_folder(self):\n>       context = generate.generate_context(\n            config_file='tests/json2/stuff.json'\n        )\nE       AttributeError: module 'cookiecutter.generate' has no attribute 'generate_context'\n\ntests/test_generate.py:59: AttributeError\n=========================== short test summary info ============================\nFAILED tests/test_generate.py::TestGenerate::test_generate_context - Attribut...\nFAILED tests/test_generate.py::TestGenerate::test_generate_files - NameError:...\nFAILED tests/test_generate.py::TestGenerate::test_generate_files_bad - NameEr...\nFAILED tests/test_generate.py::TestGenerate::test_generate_files_binaries - N...\nFAILED tests/test_generate.py::TestGenerate::test_output_folder - AttributeEr...\n============================== 5 failed in 0.03s ===============================\n",
        "post_fix_stderr": "Courtesy Notice:\nPipenv found itself running within a virtual environment,  so it will automatically use that \nenvironment, instead of  creating its own for any project. You can set\nPIPENV_IGNORE_VIRTUALENVS=1 to force pipenv to ignore that environment and create  its own instead.\nYou can set PIPENV_VERBOSITY=-1 to suppress this warning.\n",
        "model_output_file": "def generate_files(template_dir, context=None):\n    \"\"\"\n    Renders the templates and saves them to files.\n    :param input_dir: Project template input directory.\n    :paramtype input_dir: directory\n    \"\"\"\n    \n    logging.debug('Generating project from {0}...'.format(template_dir))\n\n    context = context or {}\n    env = Environment()\n    env.loader = FileSystemLoader('.')\n\n    # Render dirname before writing\n    name_tmpl = Template(template_dir)\n    output_dir = name_tmpl.render(**context)\n    if output_dir == template_dir:\n        raise NonTemplatedInputDirException\n\n    make_sure_path_exists(output_dir)\n\n    for root, dirs, files in os.walk(template_dir):\n        for d in dirs:\n            indir = os.path.join(root, d)\n            outdir = indir.replace(template_dir, output_dir, 1)\n\n            # Render dirname before writing\n            name_tmpl = Template(outdir)\n            rendered_dirname = name_tmpl.render(**context)\n\n            make_sure_path_exists(rendered_dirname)\n\n        for f in files:\n            # Render the file\n            infile = os.path.join(root, f)\n            try:\n                tmpl = env.get_template(infile)\n                rendered_file = tmpl.render(**context)\n            except UnicodeDecodeError:\n                # Skip binary files\n                logging.debug(f\"Skipping binary file {infile}\")\n                continue\n\n            # Write it to the corresponding place in output_dir\n            outfile = infile.replace(template_dir, output_dir, 1)\n\n            # Render the output filename before writing\n            name_tmpl = Template(outfile)\n            rendered_name = name_tmpl.render(**context)\n            logging.debug(\"Writing {0}\".format(rendered_name))\n\n            with unicode_open(rendered_name, 'w') as fh:\n                fh.write(rendered_file)"
      },
      {
        "iteration": 2,
        "pre_fix_passed": false,
        "pre_fix_stdout": "============================= test session starts ==============================\nplatform darwin -- Python 3.12.5, pytest-8.3.5, pluggy-1.6.0\nrootdir: /Users/jcmuchar/Documents/pybughive/swi_test/repos/cookiecutter\nplugins: anyio-4.9.0, mock-3.14.0, cov-6.1.1\ncollected 5 items\n\ntests/test_generate.py ...F.                                             [100%]\n\n=================================== FAILURES ===================================\n__________________ TestGenerate.test_generate_files_binaries ___________________\n\nself = <tests.test_generate.TestGenerate testMethod=test_generate_files_binaries>\n\n    def test_generate_files_binaries(self):\n>       generate.generate_files(\n            context={'binary_test': 'binary_files'},\n            template_dir='tests/input{{binary_test}}'\n        )\n\ntests/test_generate.py:44: \n_ _ _ _ _ _ _ _ _ _ _ _ _ _ _ _ _ _ _ _ _ _ _ _ _ _ _ _ _ _ _ _ _ _ _ _ _ _ _ _ \ncookiecutter/generate.py:87: in generate_files\n    tmpl = env.get_template(infile)\n../../../.venv/lib/python3.12/site-packages/jinja2/environment.py:1016: in get_template\n    return self._load_template(name, globals)\n../../../.venv/lib/python3.12/site-packages/jinja2/environment.py:975: in _load_template\n    template = self.loader.load(self, name, self.make_globals(globals))\n../../../.venv/lib/python3.12/site-packages/jinja2/loaders.py:126: in load\n    source, filename, uptodate = self.get_source(environment, name)\n../../../.venv/lib/python3.12/site-packages/jinja2/loaders.py:215: in get_source\n    contents = f.read()\n_ _ _ _ _ _ _ _ _ _ _ _ _ _ _ _ _ _ _ _ _ _ _ _ _ _ _ _ _ _ _ _ _ _ _ _ _ _ _ _ \n\nself = <encodings.utf_8.IncrementalDecoder object at 0x10476a240>\ninput = b'\\x89PNG\\r\\n\\x1a\\n\\x00\\x00\\x00\\rIHDR\\x00\\x00\\x00\\xef\\x00\\x00\\x00.\\x08\\x06\\x00\\x00\\x00\\xc0\\xc4N\\xa8\\x00\\x00\\x00\\x04sBI...\\xfa\\xf3!\\x82\\x8f\\x9a$\\xafX\\x95\\xb2\\xa8\\xe0\\xfc\\x8c\\x8c\\x8c]\\xfc?\\xbf\\x05c!s\\x97\\x98\\xa2\\x00\\x00\\x00\\x00IEND\\xaeB`\\x82'\nfinal = True\n\n>   ???\nE   UnicodeDecodeError: 'utf-8' codec can't decode byte 0x89 in position 0: invalid start byte\n\n<frozen codecs>:322: UnicodeDecodeError\n=========================== short test summary info ============================\nFAILED tests/test_generate.py::TestGenerate::test_generate_files_binaries - U...\n========================= 1 failed, 4 passed in 0.04s ==========================\n",
        "pre_fix_stderr": "Courtesy Notice:\nPipenv found itself running within a virtual environment,  so it will automatically use that \nenvironment, instead of  creating its own for any project. You can set\nPIPENV_IGNORE_VIRTUALENVS=1 to force pipenv to ignore that environment and create  its own instead.\nYou can set PIPENV_VERBOSITY=-1 to suppress this warning.\n"
      },
      {
        "iteration": 2,
        "post_fix_passed": false,
        "post_fix_stdout": "============================= test session starts ==============================\nplatform darwin -- Python 3.12.5, pytest-8.3.5, pluggy-1.6.0\nrootdir: /Users/jcmuchar/Documents/pybughive/swi_test/repos/cookiecutter\nplugins: anyio-4.9.0, mock-3.14.0, cov-6.1.1\ncollected 5 items\n\ntests/test_generate.py FFFFF                                             [100%]\n\n=================================== FAILURES ===================================\n______________________ TestGenerate.test_generate_context ______________________\n\nself = <tests.test_generate.TestGenerate testMethod=test_generate_context>\n\n    def test_generate_context(self):\n>       context = generate.generate_context(config_file='tests/json/test.json')\nE       AttributeError: module 'cookiecutter.generate' has no attribute 'generate_context'\n\ntests/test_generate.py:55: AttributeError\n_______________________ TestGenerate.test_generate_files _______________________\n\nself = <tests.test_generate.TestGenerate testMethod=test_generate_files>\n\n    def test_generate_files(self):\n>       generate.generate_files(\n            context={'food': 'pizza'},\n            template_dir='tests/input{{food}}'\n        )\n\ntests/test_generate.py:35: \n_ _ _ _ _ _ _ _ _ _ _ _ _ _ _ _ _ _ _ _ _ _ _ _ _ _ _ _ _ _ _ _ _ _ _ _ _ _ _ _ \n\ntemplate_dir = 'tests/input{{food}}', context = {'food': 'pizza'}\n\n    def generate_files(template_dir, context=None):\n        \"\"\"\n        Renders the templates and saves them to files.\n        :param input_dir: Project template input directory.\n        :paramtype input_dir: directory\n        \"\"\"\n    \n>       logging.debug('Generating project from {0}...'.format(template_dir))\nE       NameError: name 'logging' is not defined. Did you forget to import 'logging'\n\ncookiecutter/generate.py:8: NameError\n_____________________ TestGenerate.test_generate_files_bad _____________________\n\nself = <tests.test_generate.TestGenerate testMethod=test_generate_files_bad>\n\n    def test_generate_files_bad(self):\n>       self.assertRaises(\n            exceptions.NonTemplatedInputDirException,\n            generate.generate_files,\n            context={'food': 'pizza'},\n            template_dir='tests/input'\n        )\n\ntests/test_generate.py:27: \n_ _ _ _ _ _ _ _ _ _ _ _ _ _ _ _ _ _ _ _ _ _ _ _ _ _ _ _ _ _ _ _ _ _ _ _ _ _ _ _ \n\n    def generate_files(template_dir, context=None):\n        \"\"\"\n        Renders the templates and saves them to files.\n        :param input_dir: Project template input directory.\n        :paramtype input_dir: directory\n        \"\"\"\n    \n>       logging.debug('Generating project from {0}...'.format(template_dir))\nE       NameError: name 'logging' is not defined. Did you forget to import 'logging'\n\ncookiecutter/generate.py:8: NameError\n__________________ TestGenerate.test_generate_files_binaries ___________________\n\nself = <tests.test_generate.TestGenerate testMethod=test_generate_files_binaries>\n\n    def test_generate_files_binaries(self):\n>       generate.generate_files(\n            context={'binary_test': 'binary_files'},\n            template_dir='tests/input{{binary_test}}'\n        )\n\ntests/test_generate.py:44: \n_ _ _ _ _ _ _ _ _ _ _ _ _ _ _ _ _ _ _ _ _ _ _ _ _ _ _ _ _ _ _ _ _ _ _ _ _ _ _ _ \n\ntemplate_dir = 'tests/input{{binary_test}}'\ncontext = {'binary_test': 'binary_files'}\n\n    def generate_files(template_dir, context=None):\n        \"\"\"\n        Renders the templates and saves them to files.\n        :param input_dir: Project template input directory.\n        :paramtype input_dir: directory\n        \"\"\"\n    \n>       logging.debug('Generating project from {0}...'.format(template_dir))\nE       NameError: name 'logging' is not defined. Did you forget to import 'logging'\n\ncookiecutter/generate.py:8: NameError\n_______________________ TestGenerate.test_output_folder ________________________\n\nself = <tests.test_generate.TestGenerate testMethod=test_output_folder>\n\n    def test_output_folder(self):\n>       context = generate.generate_context(\n            config_file='tests/json2/stuff.json'\n        )\nE       AttributeError: module 'cookiecutter.generate' has no attribute 'generate_context'\n\ntests/test_generate.py:59: AttributeError\n=========================== short test summary info ============================\nFAILED tests/test_generate.py::TestGenerate::test_generate_context - Attribut...\nFAILED tests/test_generate.py::TestGenerate::test_generate_files - NameError:...\nFAILED tests/test_generate.py::TestGenerate::test_generate_files_bad - NameEr...\nFAILED tests/test_generate.py::TestGenerate::test_generate_files_binaries - N...\nFAILED tests/test_generate.py::TestGenerate::test_output_folder - AttributeEr...\n============================== 5 failed in 0.03s ===============================\n",
        "post_fix_stderr": "Courtesy Notice:\nPipenv found itself running within a virtual environment,  so it will automatically use that \nenvironment, instead of  creating its own for any project. You can set\nPIPENV_IGNORE_VIRTUALENVS=1 to force pipenv to ignore that environment and create  its own instead.\nYou can set PIPENV_VERBOSITY=-1 to suppress this warning.\n",
        "model_output_file": "def generate_files(template_dir, context=None):\n    \"\"\"\n    Renders the templates and saves them to files.\n    :param input_dir: Project template input directory.\n    :paramtype input_dir: directory\n    \"\"\"\n    \n    logging.debug('Generating project from {0}...'.format(template_dir))\n\n    context = context or {}\n    env = Environment()\n    env.loader = FileSystemLoader('.')\n\n    # Render dirname before writing\n    name_tmpl = Template(template_dir)\n    output_dir = name_tmpl.render(**context)\n    if output_dir == template_dir:\n        raise NonTemplatedInputDirException\n\n    make_sure_path_exists(output_dir)\n\n    for root, dirs, files in os.walk(template_dir):\n        for d in dirs:\n            indir = os.path.join(root, d)\n            outdir = indir.replace(template_dir, output_dir, 1)\n\n            # Render dirname before writing\n            name_tmpl = Template(outdir)\n            rendered_dirname = name_tmpl.render(**context)\n\n            make_sure_path_exists(rendered_dirname)\n\n        for f in files:\n            # Render the file\n            infile = os.path.join(root, f)\n            \n            # Check if the file is binary\n            try:\n                tmpl = env.get_template(infile)\n                rendered_file = tmpl.render(**context)\n            except UnicodeDecodeError:\n                # Skip binary files\n                logging.debug(f\"Skipping binary file: {infile}\")\n                continue\n\n            # Write it to the corresponding place in output_dir\n            outfile = infile.replace(template_dir, output_dir, 1)\n\n            # Render the output filename before writing\n            name_tmpl = Template(outfile)\n            rendered_name = name_tmpl.render(**context)\n            logging.debug(\"Writing {0}\".format(rendered_name))\n\n            with unicode_open(rendered_name, 'w') as fh:\n                fh.write(rendered_file)"
      }
    ]
  },
  {
    "system_prompt": "You are a senior code debugging specialist with expertise across multiple programming languages. Your approach is thorough but conservative. When presented with code and pytest failures, you first understand the underlying issue completely, then implement the most targeted fix possible. You're cautious about edge cases and potential unintended consequences. You never add features or significant changes beyond what's necessary. Return the complete corrected file without explanations unless specifically requested. Only respond with the corrected code.",
    "success": false,
    "iterations": 4,
    "logs": [
      {
        "iteration": 1,
        "pre_fix_passed": false,
        "pre_fix_stdout": "============================= test session starts ==============================\nplatform darwin -- Python 3.12.5, pytest-8.3.5, pluggy-1.6.0\nrootdir: /Users/jcmuchar/Documents/pybughive/swi_test/repos/cookiecutter\nplugins: anyio-4.9.0, mock-3.14.0, cov-6.1.1\ncollected 5 items\n\ntests/test_generate.py ...F.                                             [100%]\n\n=================================== FAILURES ===================================\n__________________ TestGenerate.test_generate_files_binaries ___________________\n\nself = <tests.test_generate.TestGenerate testMethod=test_generate_files_binaries>\n\n    def test_generate_files_binaries(self):\n>       generate.generate_files(\n            context={'binary_test': 'binary_files'},\n            template_dir='tests/input{{binary_test}}'\n        )\n\ntests/test_generate.py:44: \n_ _ _ _ _ _ _ _ _ _ _ _ _ _ _ _ _ _ _ _ _ _ _ _ _ _ _ _ _ _ _ _ _ _ _ _ _ _ _ _ \ncookiecutter/generate.py:87: in generate_files\n    tmpl = env.get_template(infile)\n../../../.venv/lib/python3.12/site-packages/jinja2/environment.py:1016: in get_template\n    return self._load_template(name, globals)\n../../../.venv/lib/python3.12/site-packages/jinja2/environment.py:975: in _load_template\n    template = self.loader.load(self, name, self.make_globals(globals))\n../../../.venv/lib/python3.12/site-packages/jinja2/loaders.py:126: in load\n    source, filename, uptodate = self.get_source(environment, name)\n../../../.venv/lib/python3.12/site-packages/jinja2/loaders.py:215: in get_source\n    contents = f.read()\n_ _ _ _ _ _ _ _ _ _ _ _ _ _ _ _ _ _ _ _ _ _ _ _ _ _ _ _ _ _ _ _ _ _ _ _ _ _ _ _ \n\nself = <encodings.utf_8.IncrementalDecoder object at 0x104f67d10>\ninput = b'\\x89PNG\\r\\n\\x1a\\n\\x00\\x00\\x00\\rIHDR\\x00\\x00\\x00\\xef\\x00\\x00\\x00.\\x08\\x06\\x00\\x00\\x00\\xc0\\xc4N\\xa8\\x00\\x00\\x00\\x04sBI...\\xfa\\xf3!\\x82\\x8f\\x9a$\\xafX\\x95\\xb2\\xa8\\xe0\\xfc\\x8c\\x8c\\x8c]\\xfc?\\xbf\\x05c!s\\x97\\x98\\xa2\\x00\\x00\\x00\\x00IEND\\xaeB`\\x82'\nfinal = True\n\n>   ???\nE   UnicodeDecodeError: 'utf-8' codec can't decode byte 0x89 in position 0: invalid start byte\n\n<frozen codecs>:322: UnicodeDecodeError\n=========================== short test summary info ============================\nFAILED tests/test_generate.py::TestGenerate::test_generate_files_binaries - U...\n========================= 1 failed, 4 passed in 0.04s ==========================\n",
        "pre_fix_stderr": "Courtesy Notice:\nPipenv found itself running within a virtual environment,  so it will automatically use that \nenvironment, instead of  creating its own for any project. You can set\nPIPENV_IGNORE_VIRTUALENVS=1 to force pipenv to ignore that environment and create  its own instead.\nYou can set PIPENV_VERBOSITY=-1 to suppress this warning.\n"
      },
      {
        "iteration": 1,
        "post_fix_passed": false,
        "post_fix_stdout": "============================= test session starts ==============================\nplatform darwin -- Python 3.12.5, pytest-8.3.5, pluggy-1.6.0\nrootdir: /Users/jcmuchar/Documents/pybughive/swi_test/repos/cookiecutter\nplugins: anyio-4.9.0, mock-3.14.0, cov-6.1.1\ncollected 5 items\n\ntests/test_generate.py ...F.                                             [100%]\n\n=================================== FAILURES ===================================\n__________________ TestGenerate.test_generate_files_binaries ___________________\n\nself = <tests.test_generate.TestGenerate testMethod=test_generate_files_binaries>\n\n    def test_generate_files_binaries(self):\n        generate.generate_files(\n            context={'binary_test': 'binary_files'},\n            template_dir='tests/input{{binary_test}}'\n        )\n>       self.assertTrue(os.path.isfile('tests/inputbinary_files/logo.png'))\nE       AssertionError: False is not true\n\ntests/test_generate.py:48: AssertionError\n=========================== short test summary info ============================\nFAILED tests/test_generate.py::TestGenerate::test_generate_files_binaries - A...\n========================= 1 failed, 4 passed in 0.03s ==========================\n",
        "post_fix_stderr": "Courtesy Notice:\nPipenv found itself running within a virtual environment,  so it will automatically use that \nenvironment, instead of  creating its own for any project. You can set\nPIPENV_IGNORE_VIRTUALENVS=1 to force pipenv to ignore that environment and create  its own instead.\nYou can set PIPENV_VERBOSITY=-1 to suppress this warning.\n",
        "model_output_file": "#!/usr/bin/env python\n# -*- coding: utf-8 -*-\n\n\"\"\"\ncookiecutter.generate\n---------------------\n\nFunctions for generating a project from a project template.\n\"\"\"\n\nimport logging\nimport os\nimport sys\n\nfrom jinja2 import FileSystemLoader, Template\nfrom jinja2.environment import Environment\n\nfrom .exceptions import NonTemplatedInputDirException\nfrom .utils import make_sure_path_exists, unicode_open\n\n\nif sys.version_info[:2] < (2, 7):\n    import simplejson as json\n    from ordereddict import OrderedDict\nelse:\n    import json\n    from collections import OrderedDict\n\ndef generate_context(config_file='cookiecutter.json'):\n    \"\"\"\n    Generates the context for a Cookiecutter project template.\n    Loads the JSON file as a Python object, with key being the JSON filename.\n\n    :param config_file: JSON file containing project config values.\n    :paramtype config_file: filename\n    \"\"\"\n\n    context = {}\n\n    file_handle = open(config_file)\n    obj = json.load(file_handle, object_pairs_hook=OrderedDict)\n\n    # Add the Python object to the context dictionary\n    file_name = os.path.split(config_file)[1]\n    file_stem = file_name.split('.')[0]\n    context[file_stem] = obj\n\n    logging.debug('Context generated is {0}'.format(context))\n    return context\n\n\ndef generate_files(template_dir, context=None):\n    \"\"\"\n    Renders the templates and saves them to files.\n    :param input_dir: Project template input directory.\n    :paramtype input_dir: directory\n    \"\"\"\n    \n    logging.debug('Generating project from {0}...'.format(template_dir))\n\n    context = context or {}\n    env = Environment()\n    env.loader = FileSystemLoader(template_dir)\n\n    # Render dirname before writing\n    name_tmpl = Template(template_dir)\n    output_dir = name_tmpl.render(**context)\n    if output_dir == template_dir:\n        raise NonTemplatedInputDirException\n\n    make_sure_path_exists(output_dir)\n\n    for root, dirs, files in os.walk(template_dir):\n        for d in dirs:\n            indir = os.path.join(root, d)\n            outdir = indir.replace(template_dir, output_dir, 1)\n\n            # Render dirname before writing\n            name_tmpl = Template(outdir)\n            rendered_dirname = name_tmpl.render(**context)\n\n            make_sure_path_exists(rendered_dirname)\n\n        for f in files:\n            # Render the file\n            infile = os.path.join(root, f)\n            if not infile.endswith(('.html', '.txt', '.md', '.json', '.xml', '.yaml', '.yml', '.py')):\n                # Skip binary files\n                continue\n            tmpl = env.get_template(os.path.relpath(infile, template_dir))\n            rendered_file = tmpl.render(**context)\n\n            # Write it to the corresponding place in output_dir\n            outfile = infile.replace(template_dir, output_dir, 1)\n\n            # Render the output filename before writing\n            name_tmpl = Template(outfile)\n            rendered_name = name_tmpl.render(**context)\n            logging.debug(\"Writing {0}\".format(rendered_name))\n\n            with unicode_open(rendered_name, 'w') as fh:\n                fh.write(rendered_file)"
      },
      {
        "iteration": 2,
        "pre_fix_passed": false,
        "pre_fix_stdout": "============================= test session starts ==============================\nplatform darwin -- Python 3.12.5, pytest-8.3.5, pluggy-1.6.0\nrootdir: /Users/jcmuchar/Documents/pybughive/swi_test/repos/cookiecutter\nplugins: anyio-4.9.0, mock-3.14.0, cov-6.1.1\ncollected 5 items\n\ntests/test_generate.py ...F.                                             [100%]\n\n=================================== FAILURES ===================================\n__________________ TestGenerate.test_generate_files_binaries ___________________\n\nself = <tests.test_generate.TestGenerate testMethod=test_generate_files_binaries>\n\n    def test_generate_files_binaries(self):\n>       generate.generate_files(\n            context={'binary_test': 'binary_files'},\n            template_dir='tests/input{{binary_test}}'\n        )\n\ntests/test_generate.py:44: \n_ _ _ _ _ _ _ _ _ _ _ _ _ _ _ _ _ _ _ _ _ _ _ _ _ _ _ _ _ _ _ _ _ _ _ _ _ _ _ _ \ncookiecutter/generate.py:87: in generate_files\n    tmpl = env.get_template(infile)\n../../../.venv/lib/python3.12/site-packages/jinja2/environment.py:1016: in get_template\n    return self._load_template(name, globals)\n../../../.venv/lib/python3.12/site-packages/jinja2/environment.py:975: in _load_template\n    template = self.loader.load(self, name, self.make_globals(globals))\n../../../.venv/lib/python3.12/site-packages/jinja2/loaders.py:126: in load\n    source, filename, uptodate = self.get_source(environment, name)\n../../../.venv/lib/python3.12/site-packages/jinja2/loaders.py:215: in get_source\n    contents = f.read()\n_ _ _ _ _ _ _ _ _ _ _ _ _ _ _ _ _ _ _ _ _ _ _ _ _ _ _ _ _ _ _ _ _ _ _ _ _ _ _ _ \n\nself = <encodings.utf_8.IncrementalDecoder object at 0x106f46e70>\ninput = b'\\x89PNG\\r\\n\\x1a\\n\\x00\\x00\\x00\\rIHDR\\x00\\x00\\x00\\xef\\x00\\x00\\x00.\\x08\\x06\\x00\\x00\\x00\\xc0\\xc4N\\xa8\\x00\\x00\\x00\\x04sBI...\\xfa\\xf3!\\x82\\x8f\\x9a$\\xafX\\x95\\xb2\\xa8\\xe0\\xfc\\x8c\\x8c\\x8c]\\xfc?\\xbf\\x05c!s\\x97\\x98\\xa2\\x00\\x00\\x00\\x00IEND\\xaeB`\\x82'\nfinal = True\n\n>   ???\nE   UnicodeDecodeError: 'utf-8' codec can't decode byte 0x89 in position 0: invalid start byte\n\n<frozen codecs>:322: UnicodeDecodeError\n=========================== short test summary info ============================\nFAILED tests/test_generate.py::TestGenerate::test_generate_files_binaries - U...\n========================= 1 failed, 4 passed in 0.04s ==========================\n",
        "pre_fix_stderr": "Courtesy Notice:\nPipenv found itself running within a virtual environment,  so it will automatically use that \nenvironment, instead of  creating its own for any project. You can set\nPIPENV_IGNORE_VIRTUALENVS=1 to force pipenv to ignore that environment and create  its own instead.\nYou can set PIPENV_VERBOSITY=-1 to suppress this warning.\n"
      },
      {
        "iteration": 2,
        "post_fix_passed": false,
        "post_fix_stdout": "============================= test session starts ==============================\nplatform darwin -- Python 3.12.5, pytest-8.3.5, pluggy-1.6.0\nrootdir: /Users/jcmuchar/Documents/pybughive/swi_test/repos/cookiecutter\nplugins: anyio-4.9.0, mock-3.14.0, cov-6.1.1\ncollected 5 items\n\ntests/test_generate.py .F.FF                                             [100%]\n\n=================================== FAILURES ===================================\n_______________________ TestGenerate.test_generate_files _______________________\n\nself = <tests.test_generate.TestGenerate testMethod=test_generate_files>\n\n    def test_generate_files(self):\n>       generate.generate_files(\n            context={'food': 'pizza'},\n            template_dir='tests/input{{food}}'\n        )\n\ntests/test_generate.py:35: \n_ _ _ _ _ _ _ _ _ _ _ _ _ _ _ _ _ _ _ _ _ _ _ _ _ _ _ _ _ _ _ _ _ _ _ _ _ _ _ _ \n\ntemplate_dir = 'tests/input{{food}}', context = {'food': 'pizza'}\n\n    def generate_files(template_dir, context=None):\n        \"\"\"\n        Renders the templates and saves them to files.\n        :param input_dir: Project template input directory.\n        :paramtype input_dir: directory\n        \"\"\"\n    \n        logging.debug('Generating project from {0}...'.format(template_dir))\n    \n        context = context or {}\n        env = Environment()\n        env.loader = FileSystemLoader('.')\n    \n        # Render dirname before writing\n        name_tmpl = Template(template_dir)\n        output_dir = name_tmpl.render(**context)\n        if output_dir == template_dir:\n            raise NonTemplatedInputDirException\n    \n        make_sure_path_exists(output_dir)\n    \n        for root, dirs, files in os.walk(template_dir):\n            for d in dirs:\n                indir = os.path.join(root, d)\n                outdir = indir.replace(template_dir, output_dir, 1)\n    \n                # Render dirname before writing\n                name_tmpl = Template(outdir)\n                rendered_dirname = name_tmpl.render(**context)\n    \n                make_sure_path_exists(rendered_dirname)\n    \n            for f in files:\n                # Render the file\n                infile = os.path.join(root, f)\n                try:\n                    tmpl = env.get_template(infile)\n                    rendered_file = tmpl.render(**context)\n                except UnicodeDecodeError:\n                    # If the file is binary, just copy it\n                    with open(infile, 'rb') as binary_file:\n                        rendered_file = binary_file.read()\n    \n                # Write it to the corresponding place in output_dir\n                outfile = infile.replace(template_dir, output_dir, 1)\n    \n                # Render the output filename before writing\n                name_tmpl = Template(outfile)\n                rendered_name = name_tmpl.render(**context)\n                logging.debug(\"Writing {0}\".format(rendered_name))\n    \n                with open(rendered_name, 'wb') as fh:\n>                   fh.write(rendered_file)\nE                   TypeError: a bytes-like object is required, not 'str'\n\ncookiecutter/generate.py:104: TypeError\n__________________ TestGenerate.test_generate_files_binaries ___________________\n\nself = <tests.test_generate.TestGenerate testMethod=test_generate_files_binaries>\n\n    def test_generate_files_binaries(self):\n>       generate.generate_files(\n            context={'binary_test': 'binary_files'},\n            template_dir='tests/input{{binary_test}}'\n        )\n\ntests/test_generate.py:44: \n_ _ _ _ _ _ _ _ _ _ _ _ _ _ _ _ _ _ _ _ _ _ _ _ _ _ _ _ _ _ _ _ _ _ _ _ _ _ _ _ \n\ntemplate_dir = 'tests/input{{binary_test}}'\ncontext = {'binary_test': 'binary_files'}\n\n    def generate_files(template_dir, context=None):\n        \"\"\"\n        Renders the templates and saves them to files.\n        :param input_dir: Project template input directory.\n        :paramtype input_dir: directory\n        \"\"\"\n    \n        logging.debug('Generating project from {0}...'.format(template_dir))\n    \n        context = context or {}\n        env = Environment()\n        env.loader = FileSystemLoader('.')\n    \n        # Render dirname before writing\n        name_tmpl = Template(template_dir)\n        output_dir = name_tmpl.render(**context)\n        if output_dir == template_dir:\n            raise NonTemplatedInputDirException\n    \n        make_sure_path_exists(output_dir)\n    \n        for root, dirs, files in os.walk(template_dir):\n            for d in dirs:\n                indir = os.path.join(root, d)\n                outdir = indir.replace(template_dir, output_dir, 1)\n    \n                # Render dirname before writing\n                name_tmpl = Template(outdir)\n                rendered_dirname = name_tmpl.render(**context)\n    \n                make_sure_path_exists(rendered_dirname)\n    \n            for f in files:\n                # Render the file\n                infile = os.path.join(root, f)\n                try:\n                    tmpl = env.get_template(infile)\n                    rendered_file = tmpl.render(**context)\n                except UnicodeDecodeError:\n                    # If the file is binary, just copy it\n                    with open(infile, 'rb') as binary_file:\n                        rendered_file = binary_file.read()\n    \n                # Write it to the corresponding place in output_dir\n                outfile = infile.replace(template_dir, output_dir, 1)\n    \n                # Render the output filename before writing\n                name_tmpl = Template(outfile)\n                rendered_name = name_tmpl.render(**context)\n                logging.debug(\"Writing {0}\".format(rendered_name))\n    \n                with open(rendered_name, 'wb') as fh:\n>                   fh.write(rendered_file)\nE                   TypeError: a bytes-like object is required, not 'str'\n\ncookiecutter/generate.py:104: TypeError\n_______________________ TestGenerate.test_output_folder ________________________\n\nself = <tests.test_generate.TestGenerate testMethod=test_output_folder>\n\n    def test_output_folder(self):\n        context = generate.generate_context(\n            config_file='tests/json2/stuff.json'\n        )\n        logging.debug('Context is {0}'.format(context))\n>       generate.generate_files(\n            context=context,\n            template_dir='tests/input{{stuff.color}}'\n        )\n\ntests/test_generate.py:63: \n_ _ _ _ _ _ _ _ _ _ _ _ _ _ _ _ _ _ _ _ _ _ _ _ _ _ _ _ _ _ _ _ _ _ _ _ _ _ _ _ \n\ntemplate_dir = 'tests/input{{stuff.color}}'\ncontext = {'stuff': OrderedDict({'full_name': 'Audrey Greenfeld', 'year': '2014', 'color': 'green', 'letter': 'D', 'folder_name': 'im_a.dir', 'filename': 'im_a.file'})}\n\n    def generate_files(template_dir, context=None):\n        \"\"\"\n        Renders the templates and saves them to files.\n        :param input_dir: Project template input directory.\n        :paramtype input_dir: directory\n        \"\"\"\n    \n        logging.debug('Generating project from {0}...'.format(template_dir))\n    \n        context = context or {}\n        env = Environment()\n        env.loader = FileSystemLoader('.')\n    \n        # Render dirname before writing\n        name_tmpl = Template(template_dir)\n        output_dir = name_tmpl.render(**context)\n        if output_dir == template_dir:\n            raise NonTemplatedInputDirException\n    \n        make_sure_path_exists(output_dir)\n    \n        for root, dirs, files in os.walk(template_dir):\n            for d in dirs:\n                indir = os.path.join(root, d)\n                outdir = indir.replace(template_dir, output_dir, 1)\n    \n                # Render dirname before writing\n                name_tmpl = Template(outdir)\n                rendered_dirname = name_tmpl.render(**context)\n    \n                make_sure_path_exists(rendered_dirname)\n    \n            for f in files:\n                # Render the file\n                infile = os.path.join(root, f)\n                try:\n                    tmpl = env.get_template(infile)\n                    rendered_file = tmpl.render(**context)\n                except UnicodeDecodeError:\n                    # If the file is binary, just copy it\n                    with open(infile, 'rb') as binary_file:\n                        rendered_file = binary_file.read()\n    \n                # Write it to the corresponding place in output_dir\n                outfile = infile.replace(template_dir, output_dir, 1)\n    \n                # Render the output filename before writing\n                name_tmpl = Template(outfile)\n                rendered_name = name_tmpl.render(**context)\n                logging.debug(\"Writing {0}\".format(rendered_name))\n    \n                with open(rendered_name, 'wb') as fh:\n>                   fh.write(rendered_file)\nE                   TypeError: a bytes-like object is required, not 'str'\n\ncookiecutter/generate.py:104: TypeError\n=========================== short test summary info ============================\nFAILED tests/test_generate.py::TestGenerate::test_generate_files - TypeError:...\nFAILED tests/test_generate.py::TestGenerate::test_generate_files_binaries - T...\nFAILED tests/test_generate.py::TestGenerate::test_output_folder - TypeError: ...\n========================= 3 failed, 2 passed in 0.03s ==========================\n",
        "post_fix_stderr": "Courtesy Notice:\nPipenv found itself running within a virtual environment,  so it will automatically use that \nenvironment, instead of  creating its own for any project. You can set\nPIPENV_IGNORE_VIRTUALENVS=1 to force pipenv to ignore that environment and create  its own instead.\nYou can set PIPENV_VERBOSITY=-1 to suppress this warning.\n",
        "model_output_file": "#!/usr/bin/env python\n# -*- coding: utf-8 -*-\n\n\"\"\"\ncookiecutter.generate\n---------------------\n\nFunctions for generating a project from a project template.\n\"\"\"\n\nimport logging\nimport os\nimport sys\n\nfrom jinja2 import FileSystemLoader, Template\nfrom jinja2.environment import Environment\n\nfrom .exceptions import NonTemplatedInputDirException\nfrom .utils import make_sure_path_exists, unicode_open\n\n\nif sys.version_info[:2] < (2, 7):\n    import simplejson as json\n    from ordereddict import OrderedDict\nelse:\n    import json\n    from collections import OrderedDict\n\ndef generate_context(config_file='cookiecutter.json'):\n    \"\"\"\n    Generates the context for a Cookiecutter project template.\n    Loads the JSON file as a Python object, with key being the JSON filename.\n\n    :param config_file: JSON file containing project config values.\n    :paramtype config_file: filename\n    \"\"\"\n\n    context = {}\n\n    file_handle = open(config_file)\n    obj = json.load(file_handle, object_pairs_hook=OrderedDict)\n\n    # Add the Python object to the context dictionary\n    file_name = os.path.split(config_file)[1]\n    file_stem = file_name.split('.')[0]\n    context[file_stem] = obj\n\n    logging.debug('Context generated is {0}'.format(context))\n    return context\n\n\ndef generate_files(template_dir, context=None):\n    \"\"\"\n    Renders the templates and saves them to files.\n    :param input_dir: Project template input directory.\n    :paramtype input_dir: directory\n    \"\"\"\n    \n    logging.debug('Generating project from {0}...'.format(template_dir))\n\n    context = context or {}\n    env = Environment()\n    env.loader = FileSystemLoader('.')\n\n    # Render dirname before writing\n    name_tmpl = Template(template_dir)\n    output_dir = name_tmpl.render(**context)\n    if output_dir == template_dir:\n        raise NonTemplatedInputDirException\n\n    make_sure_path_exists(output_dir)\n\n    for root, dirs, files in os.walk(template_dir):\n        for d in dirs:\n            indir = os.path.join(root, d)\n            outdir = indir.replace(template_dir, output_dir, 1)\n\n            # Render dirname before writing\n            name_tmpl = Template(outdir)\n            rendered_dirname = name_tmpl.render(**context)\n\n            make_sure_path_exists(rendered_dirname)\n\n        for f in files:\n            # Render the file\n            infile = os.path.join(root, f)\n            try:\n                tmpl = env.get_template(infile)\n                rendered_file = tmpl.render(**context)\n            except UnicodeDecodeError:\n                # If the file is binary, just copy it\n                with open(infile, 'rb') as binary_file:\n                    rendered_file = binary_file.read()\n\n            # Write it to the corresponding place in output_dir\n            outfile = infile.replace(template_dir, output_dir, 1)\n\n            # Render the output filename before writing\n            name_tmpl = Template(outfile)\n            rendered_name = name_tmpl.render(**context)\n            logging.debug(\"Writing {0}\".format(rendered_name))\n\n            with open(rendered_name, 'wb') as fh:\n                fh.write(rendered_file)"
      }
    ]
  }
]